<?xml version="1.0" encoding="UTF-8" ?>
<testsuite failures="0" time="45.725" errors="5" skipped="0" tests="7" name="org.ssa4j.test.ShoppingSiteSessionTestCase">
  <properties>
[...]
</properties>
  <testcase time="21.989" classname="org.ssa4j.test.ShoppingSiteSessionTestCase" name="testUsingLegacyAPI"/>
  <testcase time="23.719" classname="org.ssa4j.test.ShoppingSiteSessionTestCase" name="testUsingLegacyWrapper"/>
  <testcase time="0.002" classname="org.ssa4j.test.ShoppingSiteSessionTestCase" name="testUsingRemoteScrapeSessionManager">
    <error type="java.util.concurrent.RejectedExecutionException">java.util.concurrent.RejectedExecutionException
	at java.util.concurrent.ThreadPoolExecutor$AbortPolicy.rejectedExecution(ThreadPoolExecutor.java:1768)
	at java.util.concurrent.ThreadPoolExecutor.reject(ThreadPoolExecutor.java:767)
	at java.util.concurrent.ThreadPoolExecutor.execute(ThreadPoolExecutor.java:658)
	at org.ssa4j.ScrapeSessionManager.scrape(ScrapeSessionManager.java:160)
	at org.ssa4j.ScrapeSessionManager.scrape(ScrapeSessionManager.java:135)
	at org.ssa4j.test.ShoppingSiteSessionTestCase.testUsingRemoteScrapeSessionManager(ShoppingSiteSessionTestCase.java:124)
	at sun.reflect.NativeMethodAccessorImpl.invoke0(Native Method)
	at sun.reflect.NativeMethodAccessorImpl.invoke(NativeMethodAccessorImpl.java:39)
	at sun.reflect.DelegatingMethodAccessorImpl.invoke(DelegatingMethodAccessorImpl.java:25)
	at java.lang.reflect.Method.invoke(Method.java:597)
	at junit.framework.TestCase.runTest(TestCase.java:154)
	at junit.framework.TestCase.runBare(TestCase.java:127)
	at junit.framework.TestResult$1.protect(TestResult.java:106)
	at junit.framework.TestResult.runProtected(TestResult.java:124)
	at junit.framework.TestResult.run(TestResult.java:109)
	at junit.framework.TestCase.run(TestCase.java:118)
	at junit.framework.TestSuite.runTest(TestSuite.java:208)
	at junit.framework.TestSuite.run(TestSuite.java:203)
	at org.junit.internal.runners.OldTestClassRunner.run(OldTestClassRunner.java:35)
	at org.apache.maven.surefire.junit4.JUnit4TestSet.execute(JUnit4TestSet.java:35)
	at org.apache.maven.surefire.junit4.JUnit4Provider.executeTestSet(JUnit4Provider.java:146)
	at org.apache.maven.surefire.junit4.JUnit4Provider.invoke(JUnit4Provider.java:97)
	at sun.reflect.NativeMethodAccessorImpl.invoke0(Native Method)
	at sun.reflect.NativeMethodAccessorImpl.invoke(NativeMethodAccessorImpl.java:39)
	at sun.reflect.DelegatingMethodAccessorImpl.invoke(DelegatingMethodAccessorImpl.java:25)
	at java.lang.reflect.Method.invoke(Method.java:597)
	at org.apache.maven.surefire.booter.ProviderFactory$ClassLoaderProxy.invoke(ProviderFactory.java:103)
	at $Proxy0.invoke(Unknown Source)
	at org.apache.maven.surefire.booter.SurefireStarter.invokeProvider(SurefireStarter.java:145)
	at org.apache.maven.surefire.booter.SurefireStarter.runSuitesInProcess(SurefireStarter.java:87)
	at org.apache.maven.surefire.booter.ForkedBooter.main(ForkedBooter.java:69)
</error>
  </testcase>
  <testcase time="0.005" classname="org.ssa4j.test.ShoppingSiteSessionTestCase" name="testUsingSoapScrapeSessionManager">
    <error type="java.util.concurrent.RejectedExecutionException">java.util.concurrent.RejectedExecutionException
	at java.util.concurrent.ThreadPoolExecutor$AbortPolicy.rejectedExecution(ThreadPoolExecutor.java:1768)
	at java.util.concurrent.ThreadPoolExecutor.reject(ThreadPoolExecutor.java:767)
	at java.util.concurrent.ThreadPoolExecutor.execute(ThreadPoolExecutor.java:658)
	at org.ssa4j.ScrapeSessionManager.scrape(ScrapeSessionManager.java:160)
	at org.ssa4j.ScrapeSessionManager.scrape(ScrapeSessionManager.java:135)
	at org.ssa4j.test.ShoppingSiteSessionTestCase.testUsingSoapScrapeSessionManager(ShoppingSiteSessionTestCase.java:151)
	at sun.reflect.NativeMethodAccessorImpl.invoke0(Native Method)
	at sun.reflect.NativeMethodAccessorImpl.invoke(NativeMethodAccessorImpl.java:39)
	at sun.reflect.DelegatingMethodAccessorImpl.invoke(DelegatingMethodAccessorImpl.java:25)
	at java.lang.reflect.Method.invoke(Method.java:597)
	at junit.framework.TestCase.runTest(TestCase.java:154)
	at junit.framework.TestCase.runBare(TestCase.java:127)
	at junit.framework.TestResult$1.protect(TestResult.java:106)
	at junit.framework.TestResult.runProtected(TestResult.java:124)
	at junit.framework.TestResult.run(TestResult.java:109)
	at junit.framework.TestCase.run(TestCase.java:118)
	at junit.framework.TestSuite.runTest(TestSuite.java:208)
	at junit.framework.TestSuite.run(TestSuite.java:203)
	at org.junit.internal.runners.OldTestClassRunner.run(OldTestClassRunner.java:35)
	at org.apache.maven.surefire.junit4.JUnit4TestSet.execute(JUnit4TestSet.java:35)
	at org.apache.maven.surefire.junit4.JUnit4Provider.executeTestSet(JUnit4Provider.java:146)
	at org.apache.maven.surefire.junit4.JUnit4Provider.invoke(JUnit4Provider.java:97)
	at sun.reflect.NativeMethodAccessorImpl.invoke0(Native Method)
	at sun.reflect.NativeMethodAccessorImpl.invoke(NativeMethodAccessorImpl.java:39)
	at sun.reflect.DelegatingMethodAccessorImpl.invoke(DelegatingMethodAccessorImpl.java:25)
	at java.lang.reflect.Method.invoke(Method.java:597)
	at org.apache.maven.surefire.booter.ProviderFactory$ClassLoaderProxy.invoke(ProviderFactory.java:103)
	at $Proxy0.invoke(Unknown Source)
	at org.apache.maven.surefire.booter.SurefireStarter.invokeProvider(SurefireStarter.java:145)
	at org.apache.maven.surefire.booter.SurefireStarter.runSuitesInProcess(SurefireStarter.java:87)
	at org.apache.maven.surefire.booter.ForkedBooter.main(ForkedBooter.java:69)
</error>
    <system-out>- Endpoint: http://localhost:8779/axis/services/SOAPInterface, timeout: 1
</system-out>
  </testcase>
  <testcase time="0.002" classname="org.ssa4j.test.ShoppingSiteSessionTestCase" name="testUsingMockScrapeSessionManager">
    <error type="java.util.concurrent.RejectedExecutionException">java.util.concurrent.RejectedExecutionException
	at java.util.concurrent.ThreadPoolExecutor$AbortPolicy.rejectedExecution(ThreadPoolExecutor.java:1768)
	at java.util.concurrent.ThreadPoolExecutor.reject(ThreadPoolExecutor.java:767)
	at java.util.concurrent.ThreadPoolExecutor.execute(ThreadPoolExecutor.java:658)
	at org.ssa4j.ScrapeSessionManager.scrape(ScrapeSessionManager.java:160)
	at org.ssa4j.ScrapeSessionManager.scrape(ScrapeSessionManager.java:135)
	at org.ssa4j.test.ShoppingSiteSessionTestCase.testUsingMockScrapeSessionManager(ShoppingSiteSessionTestCase.java:177)
	at sun.reflect.NativeMethodAccessorImpl.invoke0(Native Method)
	at sun.reflect.NativeMethodAccessorImpl.invoke(NativeMethodAccessorImpl.java:39)
	at sun.reflect.DelegatingMethodAccessorImpl.invoke(DelegatingMethodAccessorImpl.java:25)
	at java.lang.reflect.Method.invoke(Method.java:597)
	at junit.framework.TestCase.runTest(TestCase.java:154)
	at junit.framework.TestCase.runBare(TestCase.java:127)
	at junit.framework.TestResult$1.protect(TestResult.java:106)
	at junit.framework.TestResult.runProtected(TestResult.java:124)
	at junit.framework.TestResult.run(TestResult.java:109)
	at junit.framework.TestCase.run(TestCase.java:118)
	at junit.framework.TestSuite.runTest(TestSuite.java:208)
	at junit.framework.TestSuite.run(TestSuite.java:203)
	at org.junit.internal.runners.OldTestClassRunner.run(OldTestClassRunner.java:35)
	at org.apache.maven.surefire.junit4.JUnit4TestSet.execute(JUnit4TestSet.java:35)
	at org.apache.maven.surefire.junit4.JUnit4Provider.executeTestSet(JUnit4Provider.java:146)
	at org.apache.maven.surefire.junit4.JUnit4Provider.invoke(JUnit4Provider.java:97)
	at sun.reflect.NativeMethodAccessorImpl.invoke0(Native Method)
	at sun.reflect.NativeMethodAccessorImpl.invoke(NativeMethodAccessorImpl.java:39)
	at sun.reflect.DelegatingMethodAccessorImpl.invoke(DelegatingMethodAccessorImpl.java:25)
	at java.lang.reflect.Method.invoke(Method.java:597)
	at org.apache.maven.surefire.booter.ProviderFactory$ClassLoaderProxy.invoke(ProviderFactory.java:103)
	at $Proxy0.invoke(Unknown Source)
	at org.apache.maven.surefire.booter.SurefireStarter.invokeProvider(SurefireStarter.java:145)
	at org.apache.maven.surefire.booter.SurefireStarter.runSuitesInProcess(SurefireStarter.java:87)
	at org.apache.maven.surefire.booter.ForkedBooter.main(ForkedBooter.java:69)
</error>
    <system-out>- Repository for mock session scenarios set to /Volumes/Workspaces/FeistyPeach/SSA4J/.
</system-out>
  </testcase>
  <testcase time="0.001" classname="org.ssa4j.test.ShoppingSiteSessionTestCase" name="testUsingMockScrapeSessionManagerPage2">
    <error type="java.util.concurrent.RejectedExecutionException">java.util.concurrent.RejectedExecutionException
	at java.util.concurrent.ThreadPoolExecutor$AbortPolicy.rejectedExecution(ThreadPoolExecutor.java:1768)
	at java.util.concurrent.ThreadPoolExecutor.reject(ThreadPoolExecutor.java:767)
	at java.util.concurrent.ThreadPoolExecutor.execute(ThreadPoolExecutor.java:658)
	at org.ssa4j.ScrapeSessionManager.scrape(ScrapeSessionManager.java:160)
	at org.ssa4j.ScrapeSessionManager.scrape(ScrapeSessionManager.java:135)
	at org.ssa4j.test.ShoppingSiteSessionTestCase.testUsingMockScrapeSessionManagerPage2(ShoppingSiteSessionTestCase.java:204)
	at sun.reflect.NativeMethodAccessorImpl.invoke0(Native Method)
	at sun.reflect.NativeMethodAccessorImpl.invoke(NativeMethodAccessorImpl.java:39)
	at sun.reflect.DelegatingMethodAccessorImpl.invoke(DelegatingMethodAccessorImpl.java:25)
	at java.lang.reflect.Method.invoke(Method.java:597)
	at junit.framework.TestCase.runTest(TestCase.java:154)
	at junit.framework.TestCase.runBare(TestCase.java:127)
	at junit.framework.TestResult$1.protect(TestResult.java:106)
	at junit.framework.TestResult.runProtected(TestResult.java:124)
	at junit.framework.TestResult.run(TestResult.java:109)
	at junit.framework.TestCase.run(TestCase.java:118)
	at junit.framework.TestSuite.runTest(TestSuite.java:208)
	at junit.framework.TestSuite.run(TestSuite.java:203)
	at org.junit.internal.runners.OldTestClassRunner.run(OldTestClassRunner.java:35)
	at org.apache.maven.surefire.junit4.JUnit4TestSet.execute(JUnit4TestSet.java:35)
	at org.apache.maven.surefire.junit4.JUnit4Provider.executeTestSet(JUnit4Provider.java:146)
	at org.apache.maven.surefire.junit4.JUnit4Provider.invoke(JUnit4Provider.java:97)
	at sun.reflect.NativeMethodAccessorImpl.invoke0(Native Method)
	at sun.reflect.NativeMethodAccessorImpl.invoke(NativeMethodAccessorImpl.java:39)
	at sun.reflect.DelegatingMethodAccessorImpl.invoke(DelegatingMethodAccessorImpl.java:25)
	at java.lang.reflect.Method.invoke(Method.java:597)
	at org.apache.maven.surefire.booter.ProviderFactory$ClassLoaderProxy.invoke(ProviderFactory.java:103)
	at $Proxy0.invoke(Unknown Source)
	at org.apache.maven.surefire.booter.SurefireStarter.invokeProvider(SurefireStarter.java:145)
	at org.apache.maven.surefire.booter.SurefireStarter.runSuitesInProcess(SurefireStarter.java:87)
	at org.apache.maven.surefire.booter.ForkedBooter.main(ForkedBooter.java:69)
</error>
    <system-out>- Repository for mock session scenarios set to /Volumes/Workspaces/FeistyPeach/SSA4J/.
</system-out>
  </testcase>
  <testcase time="0" classname="org.ssa4j.test.ShoppingSiteSessionTestCase" name="testUsingMockScrapeSessionManagerPage3NoDataSet">
    <error type="java.util.concurrent.RejectedExecutionException">java.util.concurrent.RejectedExecutionException
	at java.util.concurrent.ThreadPoolExecutor$AbortPolicy.rejectedExecution(ThreadPoolExecutor.java:1768)
	at java.util.concurrent.ThreadPoolExecutor.reject(ThreadPoolExecutor.java:767)
	at java.util.concurrent.ThreadPoolExecutor.execute(ThreadPoolExecutor.java:658)
	at org.ssa4j.ScrapeSessionManager.scrape(ScrapeSessionManager.java:160)
	at org.ssa4j.ScrapeSessionManager.scrape(ScrapeSessionManager.java:135)
	at org.ssa4j.test.ShoppingSiteSessionTestCase.testUsingMockScrapeSessionManagerPage3NoDataSet(ShoppingSiteSessionTestCase.java:231)
	at sun.reflect.NativeMethodAccessorImpl.invoke0(Native Method)
	at sun.reflect.NativeMethodAccessorImpl.invoke(NativeMethodAccessorImpl.java:39)
	at sun.reflect.DelegatingMethodAccessorImpl.invoke(DelegatingMethodAccessorImpl.java:25)
	at java.lang.reflect.Method.invoke(Method.java:597)
	at junit.framework.TestCase.runTest(TestCase.java:154)
	at junit.framework.TestCase.runBare(TestCase.java:127)
	at junit.framework.TestResult$1.protect(TestResult.java:106)
	at junit.framework.TestResult.runProtected(TestResult.java:124)
	at junit.framework.TestResult.run(TestResult.java:109)
	at junit.framework.TestCase.run(TestCase.java:118)
	at junit.framework.TestSuite.runTest(TestSuite.java:208)
	at junit.framework.TestSuite.run(TestSuite.java:203)
	at org.junit.internal.runners.OldTestClassRunner.run(OldTestClassRunner.java:35)
	at org.apache.maven.surefire.junit4.JUnit4TestSet.execute(JUnit4TestSet.java:35)
	at org.apache.maven.surefire.junit4.JUnit4Provider.executeTestSet(JUnit4Provider.java:146)
	at org.apache.maven.surefire.junit4.JUnit4Provider.invoke(JUnit4Provider.java:97)
	at sun.reflect.NativeMethodAccessorImpl.invoke0(Native Method)
	at sun.reflect.NativeMethodAccessorImpl.invoke(NativeMethodAccessorImpl.java:39)
	at sun.reflect.DelegatingMethodAccessorImpl.invoke(DelegatingMethodAccessorImpl.java:25)
	at java.lang.reflect.Method.invoke(Method.java:597)
	at org.apache.maven.surefire.booter.ProviderFactory$ClassLoaderProxy.invoke(ProviderFactory.java:103)
	at $Proxy0.invoke(Unknown Source)
	at org.apache.maven.surefire.booter.SurefireStarter.invokeProvider(SurefireStarter.java:145)
	at org.apache.maven.surefire.booter.SurefireStarter.runSuitesInProcess(SurefireStarter.java:87)
	at org.apache.maven.surefire.booter.ForkedBooter.main(ForkedBooter.java:69)
</error>
    <system-out>- Repository for mock session scenarios set to /Volumes/Workspaces/FeistyPeach/SSA4J/.
</system-out>
  </testcase>
</testsuite>