<?xml version="1.0" encoding="UTF-8" ?>
<testsuite failures="0" time="1.964" errors="1" skipped="0" tests="3" name="org.ssa4j.test.ImportTestCase">
  <properties>
[...]
</properties>
  <testcase time="1.491" classname="org.ssa4j.test.ImportTestCase" name="testUploadWithNativeSoapClient"/>
  <testcase time="0.003" classname="org.ssa4j.test.ImportTestCase" name="testUploadWithProfessional">
    <error message="Screen-Scraper install directory &apos;/usr/local/screen-scraper&apos; not found." type="org.ssa4j.ScrapeException">org.ssa4j.ScrapeException: Screen-Scraper install directory &apos;/usr/local/screen-scraper&apos; not found.
	at org.ssa4j.professional.ProfessionalScrapeScriptDeployer.setHomeDir(ProfessionalScrapeScriptDeployer.java:42)
	at org.ssa4j.professional.ProfessionalScrapeScriptDeployer.&lt;init&gt;(ProfessionalScrapeScriptDeployer.java:32)
	at org.ssa4j.test.ImportTestCase.testUploadWithProfessional(ImportTestCase.java:46)
	at sun.reflect.NativeMethodAccessorImpl.invoke0(Native Method)
	at sun.reflect.NativeMethodAccessorImpl.invoke(NativeMethodAccessorImpl.java:39)
	at sun.reflect.DelegatingMethodAccessorImpl.invoke(DelegatingMethodAccessorImpl.java:25)
	at java.lang.reflect.Method.invoke(Method.java:597)
	at org.junit.internal.runners.TestMethodRunner.executeMethodBody(TestMethodRunner.java:99)
	at org.junit.internal.runners.TestMethodRunner.runUnprotected(TestMethodRunner.java:81)
	at org.junit.internal.runners.BeforeAndAfterRunner.runProtected(BeforeAndAfterRunner.java:34)
	at org.junit.internal.runners.TestMethodRunner.runMethod(TestMethodRunner.java:75)
	at org.junit.internal.runners.TestMethodRunner.run(TestMethodRunner.java:45)
	at org.junit.internal.runners.TestClassMethodsRunner.invokeTestMethod(TestClassMethodsRunner.java:71)
	at org.junit.internal.runners.TestClassMethodsRunner.run(TestClassMethodsRunner.java:35)
	at org.junit.internal.runners.TestClassRunner$1.runUnprotected(TestClassRunner.java:42)
	at org.junit.internal.runners.BeforeAndAfterRunner.runProtected(BeforeAndAfterRunner.java:34)
	at org.junit.internal.runners.TestClassRunner.run(TestClassRunner.java:52)
	at org.apache.maven.surefire.junit4.JUnit4TestSet.execute(JUnit4TestSet.java:35)
	at org.apache.maven.surefire.junit4.JUnit4Provider.executeTestSet(JUnit4Provider.java:146)
	at org.apache.maven.surefire.junit4.JUnit4Provider.invoke(JUnit4Provider.java:97)
	at sun.reflect.NativeMethodAccessorImpl.invoke0(Native Method)
	at sun.reflect.NativeMethodAccessorImpl.invoke(NativeMethodAccessorImpl.java:39)
	at sun.reflect.DelegatingMethodAccessorImpl.invoke(DelegatingMethodAccessorImpl.java:25)
	at java.lang.reflect.Method.invoke(Method.java:597)
	at org.apache.maven.surefire.booter.ProviderFactory$ClassLoaderProxy.invoke(ProviderFactory.java:103)
	at $Proxy0.invoke(Unknown Source)
	at org.apache.maven.surefire.booter.SurefireStarter.invokeProvider(SurefireStarter.java:145)
	at org.apache.maven.surefire.booter.SurefireStarter.runSuitesInProcess(SurefireStarter.java:87)
	at org.apache.maven.surefire.booter.ForkedBooter.main(ForkedBooter.java:69)
</error>
  </testcase>
  <testcase time="0.453" classname="org.ssa4j.test.ImportTestCase" name="testUploadWithEnterprise"/>
</testsuite>